2024-07-08 15:51:18,827 - This is an info message
2024-07-08 15:51:18,828 - This is a warning message
2024-07-08 15:51:18,828 - This is an error message
2024-07-08 15:51:18,980 - Pygame set up
2024-07-08 15:51:18,980 - Initialised config 0'th time
2024-07-08 15:51:19,002 - in main app loop
2024-07-08 15:52:39,800 - Running game...
2024-07-08 15:52:39,818 - Creates class player
2024-07-08 15:52:39,820 - self.scale_factor=0.75
2024-07-08 15:52:41,442 - Loading self.tiles_data_length=1500000 tiles...
2024-07-08 15:52:45,027 - 40:60
2024-07-08 15:52:49,631 - Round: 40
2024-07-08 15:52:54,257 - Round: 80
2024-07-08 15:52:59,140 - Round: 120
2024-07-08 15:53:03,967 - Round: 160
2024-07-08 15:53:08,738 - Round: 200
2024-07-08 15:53:13,520 - Round: 240
2024-07-08 15:53:18,260 - Round: 280
2024-07-08 15:53:22,953 - Round: 320
2024-07-08 15:53:27,633 - Round: 360
2024-07-08 15:53:32,271 - Round: 400
2024-07-08 15:53:36,902 - Round: 440
2024-07-08 15:53:41,551 - Round: 480
2024-07-08 15:53:46,200 - Round: 520
2024-07-08 15:53:50,858 - Round: 560
2024-07-08 15:53:55,494 - Round: 600
2024-07-08 15:54:00,259 - Round: 640
2024-07-08 15:54:04,974 - Round: 680
2024-07-08 15:54:09,691 - Round: 720
2024-07-08 15:54:14,396 - Round: 760
2024-07-08 15:54:19,116 - Round: 800
2024-07-08 15:54:23,842 - Round: 840
2024-07-22 11:59:39,585 - Exception in creating user conn: [Errno 111] Connection refused
2024-07-22 12:00:07,138 - data retreived: {'in_server_id': 2}
2024-07-22 12:00:07,139 - Socket Connection created successfully
2024-07-22 12:00:07,143 - Got Error from connections listener: Connection to server closed.
2024-07-22 12:01:45,880 - data retreived: {'in_server_id': 1}
2024-07-22 12:01:45,881 - Socket Connection created successfully
2024-07-22 12:01:54,723 - Got Error from connections listener: Connection to server closed.
2024-07-22 12:02:36,201 - data retreived: {'in_server_id': 1}
2024-07-22 12:02:36,202 - Socket Connection created successfully
2024-07-22 12:03:09,371 - data retreived: {'in_server_id': 2}
2024-07-22 12:03:09,372 - Socket Connection created successfully
2024-07-22 12:04:03,362 - data retreived: {'in_server_id': 1}
2024-07-22 12:04:03,363 - Socket Connection created successfully
2024-07-22 12:04:49,928 - data retreived: {'in_server_id': 1}
2024-07-22 12:04:49,929 - Socket Connection created successfully
2024-07-22 12:05:24,018 - Exception in creating user conn: [WinError 10061] No connection could be made because the target machine actively refused it
2024-07-22 12:05:29,202 - data retreived: {'in_server_id': 1}
2024-07-22 12:05:29,203 - Socket Connection created successfully
2024-07-22 12:06:51,456 - data retreived: {'in_server_id': 1}
2024-07-22 12:06:51,457 - Socket Connection created successfully
2024-07-22 12:07:16,218 - data retreived: {'in_server_id': 1}
2024-07-22 12:07:16,219 - Socket Connection created successfully
2024-07-22 12:07:33,624 - data retreived: {'in_server_id': 1}
2024-07-22 12:07:33,625 - Socket Connection created successfully
2024-07-22 12:07:34,971 - Got Error from connections listener: Connection to server closed.
2024-07-22 12:08:02,681 - data retreived: {'in_server_id': 1}
2024-07-22 12:08:02,683 - Socket Connection created successfully
2024-07-22 12:09:14,130 - data retreived: {'in_server_id': 1}
2024-07-22 12:09:14,131 - Socket Connection created successfully
2024-07-22 12:11:00,335 - data retreived: {'in_server_id': 2}
2024-07-22 12:11:00,336 - Socket Connection created successfully
2024-07-22 12:11:02,120 - Got Error from connections listener: Connection to server closed.
