2024-08-02 20:56:42,502 - Screen multiplier: 0.75: 1080, 1440
2024-08-02 20:56:42,505 - data retreived: {'in_server_id': 2}
2024-08-02 20:56:42,506 - Socket Connection created successfully
2024-08-02 20:56:42,506 - Initialised config 0'th time
2024-08-02 20:56:42,546 - (1080.0, 810.0)
2024-08-02 20:56:42,548 - Start
2024-08-02 20:56:42,549 - Stated loader thread
2024-08-02 20:56:42,600 - Took 0.05174851417541504 seconds to load map: ./assets/maps/base/
2024-08-02 20:56:42,611 - assets/characters/Wizart/tileset.png
2024-08-02 20:56:42,677 - Creates class player
2024-08-02 20:56:42,677 - Added: <player.Player object at 0x00000184F914ED80>
2024-08-02 20:56:42,677 - Added: <player.Player object at 0x00000184F914ED80>
2024-08-02 20:56:42,678 - Added: <player.Player object at 0x00000184F914ED80>
2024-08-02 20:56:42,687 - End loading
2024-08-02 21:21:42,493 - Screen multiplier: 0.75: 1080, 1440
2024-08-02 21:21:42,494 - data retreived: {'in_server_id': 3}
2024-08-02 21:21:42,495 - Socket Connection created successfully
2024-08-02 21:21:42,495 - Initialised config 0'th time
2024-08-02 21:21:42,516 - (1080.0, 810.0)
2024-08-02 21:21:42,518 - Start
2024-08-02 21:21:42,518 - Stated loader thread
2024-08-02 21:21:42,547 - Took 0.02942490577697754 seconds to load map: ./assets/maps/base/
2024-08-02 21:21:42,547 - assets/characters/Soldier/sprite_sheet.png
2024-08-02 21:21:42,554 - Creates class player
2024-08-02 21:21:42,555 - Added: <player.Player object at 0x00000254D2A43170>
2024-08-02 21:21:42,555 - Added: <player.Player object at 0x00000254D2A43170>
2024-08-02 21:21:42,555 - Added: <player.Player object at 0x00000254D2A43170>
2024-08-02 21:21:42,556 - End loading
2024-08-02 23:00:47,448 - Screen multiplier: 0.75: 1080, 1440
2024-08-02 23:00:47,449 - data retreived: {'in_server_id': 4}
2024-08-02 23:00:47,450 - Socket Connection created successfully
2024-08-02 23:00:47,450 - Initialised config 0'th time
2024-08-02 23:00:47,470 - (1080.0, 810.0)
2024-08-02 23:00:47,472 - Start
2024-08-02 23:00:47,472 - Stated loader thread
2024-08-02 23:00:47,501 - Took 0.02850198745727539 seconds to load map: ./assets/maps/base/
2024-08-02 23:00:47,501 - [Errno 2] No such file or directory: 'assets/characters/entriciboi/config.json' in loading Entity: 
2024-08-02 23:00:47,501 - [Errno 2] No such file or directory: 'assets/characters/entriciboi/config.json'
2024-08-02 23:00:47,527 - End loading
2024-08-02 23:01:39,080 - Screen multiplier: 0.75: 1080, 1440
2024-08-02 23:01:39,082 - data retreived: {'in_server_id': 5}
2024-08-02 23:01:39,082 - Socket Connection created successfully
2024-08-02 23:01:39,082 - Initialised config 0'th time
2024-08-02 23:01:39,102 - (1080.0, 810.0)
2024-08-02 23:01:39,104 - Start
2024-08-02 23:01:39,105 - Stated loader thread
2024-08-02 23:01:39,134 - Took 0.028918981552124023 seconds to load map: ./assets/maps/base/
2024-08-02 23:01:39,135 - assets/characters/Soldier/sprite_sheet.png
2024-08-02 23:01:39,142 - in loading sprite sprite sheet: Sprite Sheet dimensions don't match config file dimensions
2024-08-02 23:01:39,143 - Sprite Sheet dimensions don't match config file dimensions
2024-08-02 23:01:39,155 - End loading
2024-08-02 23:05:46,178 - Screen multiplier: 0.75: 1080, 1440
2024-08-02 23:05:46,180 - data retreived: {'in_server_id': 6}
2024-08-02 23:05:46,181 - Socket Connection created successfully
2024-08-02 23:05:46,181 - Initialised config 0'th time
2024-08-02 23:05:46,199 - (1080.0, 810.0)
2024-08-02 23:05:46,201 - Start
2024-08-02 23:05:46,201 - Stated loader thread
2024-08-02 23:05:46,234 - Took 0.03261899948120117 seconds to load map: ./assets/maps/base/
2024-08-02 23:05:46,237 - assets/characters/Soldier/sprite_sheet.png
2024-08-02 23:05:46,245 - Sprite Sheet dimensions don't match config file dimensions:900:900700:700
2024-08-02 23:05:46,246 - in loading sprite sprite sheet: Sprite Sheet dimensions don't match config file dimensions
2024-08-02 23:05:46,247 - Sprite Sheet dimensions don't match config file dimensions
2024-08-02 23:05:46,248 - End loading
2024-08-02 23:06:01,109 - Screen multiplier: 0.75: 1080, 1440
2024-08-02 23:06:01,111 - data retreived: {'in_server_id': 7}
2024-08-02 23:06:01,112 - Socket Connection created successfully
2024-08-02 23:06:01,112 - Initialised config 0'th time
2024-08-02 23:06:01,130 - (1080.0, 810.0)
2024-08-02 23:06:01,132 - Start
2024-08-02 23:06:01,132 - Stated loader thread
2024-08-02 23:06:01,162 - Took 0.02935647964477539 seconds to load map: ./assets/maps/base/
2024-08-02 23:06:01,163 - assets/characters/Soldier/sprite_sheet.png
2024-08-02 23:06:01,169 - Sprite Sheet dimensions don't match config file dimensions:900:900, 700:700
2024-08-02 23:06:01,170 - in loading sprite sprite sheet: Sprite Sheet dimensions don't match config file dimensions
2024-08-02 23:06:01,170 - Sprite Sheet dimensions don't match config file dimensions
2024-08-02 23:06:01,172 - End loading
2024-08-02 23:07:21,674 - Screen multiplier: 0.75: 1080, 1440
2024-08-02 23:07:21,677 - data retreived: {'in_server_id': 8}
2024-08-02 23:07:21,678 - Socket Connection created successfully
2024-08-02 23:07:21,679 - Initialised config 0'th time
2024-08-02 23:07:21,703 - (1080.0, 810.0)
2024-08-02 23:07:21,705 - Start
2024-08-02 23:07:21,706 - Stated loader thread
2024-08-02 23:07:21,733 - Took 0.02689385414123535 seconds to load map: ./assets/maps/base/
2024-08-02 23:07:21,734 - assets/characters/Soldier/sprite_sheet.png
2024-08-02 23:07:21,741 - Sprite Sheet dimensions don't match config file dimensions:900:900, 700:700
2024-08-02 23:07:21,742 - in loading sprite sprite sheet: Sprite Sheet dimensions don't match config file dimensions
2024-08-02 23:07:21,743 - Sprite Sheet dimensions don't match config file dimensions
2024-08-02 23:07:21,756 - End loading
2024-08-02 23:08:09,951 - Screen multiplier: 0.75: 1080, 1440
2024-08-02 23:08:09,953 - data retreived: {'in_server_id': 9}
2024-08-02 23:08:09,953 - Socket Connection created successfully
2024-08-02 23:08:09,954 - Initialised config 0'th time
2024-08-02 23:08:09,971 - (1080.0, 810.0)
2024-08-02 23:08:09,974 - Start
2024-08-02 23:08:09,974 - Stated loader thread
2024-08-02 23:08:10,001 - Took 0.027062416076660156 seconds to load map: ./assets/maps/base/
2024-08-02 23:08:10,001 - assets/characters/Soldier/sprite_sheet.png
2024-08-02 23:08:10,009 - Sprite Sheet dimensions don't match config file dimensions:900:900, 700:700
2024-08-02 23:08:10,009 - in loading sprite sprite sheet: Sprite Sheet dimensions don't match config file dimensions
2024-08-02 23:08:10,010 - Sprite Sheet dimensions don't match config file dimensions
2024-08-02 23:08:10,012 - End loading
2024-08-02 23:10:34,987 - Screen multiplier: 0.75: 1080, 1440
2024-08-02 23:10:37,023 - Exception in creating user conn: [WinError 10061] No connection could be made because the target machine actively refused it
2024-08-02 23:10:37,023 - Could create connections: [WinError 10061] No connection could be made because the target machine actively refused it
2024-08-02 23:11:12,828 - Screen multiplier: 0.75: 1080, 1440
2024-08-02 23:11:12,830 - data retreived: {'in_server_id': 1}
2024-08-02 23:11:12,832 - Socket Connection created successfully
2024-08-02 23:11:12,832 - Initialised config 0'th time
2024-08-02 23:11:12,851 - (1080.0, 810.0)
2024-08-02 23:11:12,852 - Start
2024-08-02 23:11:12,853 - Stated loader thread
2024-08-02 23:11:12,881 - Took 0.027372360229492188 seconds to load map: ./assets/maps/base/
2024-08-02 23:11:12,881 - Loading entriciboi...
2024-08-02 23:11:12,881 - assets/characters/Soldier/sprite_sheet.png
2024-08-02 23:11:12,890 - Sprite Sheet dimensions don't match config file dimensions:900:900, 700:700
2024-08-02 23:11:12,891 - in loading sprite sprite sheet: Sprite Sheet dimensions don't match config file dimensions
2024-08-02 23:11:12,891 - Sprite Sheet dimensions don't match config file dimensions
2024-08-02 23:11:12,906 - End loading
2024-08-02 23:11:49,680 - Screen multiplier: 0.75: 1080, 1440
2024-08-02 23:11:49,682 - data retreived: {'in_server_id': 2}
2024-08-02 23:11:49,683 - Socket Connection created successfully
2024-08-02 23:11:49,683 - Initialised config 0'th time
2024-08-02 23:11:49,702 - (1080.0, 810.0)
2024-08-02 23:11:49,704 - Start
2024-08-02 23:11:49,705 - Stated loader thread
2024-08-02 23:11:49,740 - Took 0.035207509994506836 seconds to load map: ./assets/maps/base/
2024-08-02 23:11:49,745 - Loading entriciboi...
2024-08-02 23:11:49,746 - assets/characters/Soldier/sprite_sheet.png
2024-08-02 23:11:49,755 - Sprite Sheet dimensions don't match config file dimensions:900:900, 700:700
2024-08-02 23:11:49,756 - in loading sprite sprite sheet: Sprite Sheet dimensions don't match config file dimensions
2024-08-02 23:11:49,758 - Sprite Sheet dimensions don't match config file dimensions
2024-08-02 23:11:49,758 - End loading
2024-08-02 23:12:22,041 - Screen multiplier: 0.75: 1080, 1440
2024-08-02 23:12:22,043 - data retreived: {'in_server_id': 3}
2024-08-02 23:12:22,044 - Socket Connection created successfully
2024-08-02 23:12:22,044 - Initialised config 0'th time
2024-08-02 23:12:22,068 - (1080.0, 810.0)
2024-08-02 23:12:22,072 - Start
2024-08-02 23:12:22,072 - Stated loader thread
2024-08-02 23:12:22,112 - Took 0.04005765914916992 seconds to load map: ./assets/maps/base/
2024-08-02 23:12:22,114 - Loading entriciboi...
2024-08-02 23:12:22,114 - assets/characters/Soldier/sprite_sheet.png
2024-08-02 23:12:22,122 - Sprite Sheet dimensions don't match config file dimensions:900:900, 700:700
2024-08-02 23:12:22,123 - in loading sprite sprite sheet: Sprite Sheet dimensions don't match config file dimensions
2024-08-02 23:12:22,123 - Sprite Sheet dimensions don't match config file dimensions
2024-08-02 23:12:22,125 - End loading
2024-08-02 23:12:51,401 - Screen multiplier: 0.75: 1080, 1440
2024-08-02 23:12:51,403 - data retreived: {'in_server_id': 4}
2024-08-02 23:12:51,403 - Socket Connection created successfully
2024-08-02 23:12:51,403 - Initialised config 0'th time
2024-08-02 23:12:51,423 - (1080.0, 810.0)
2024-08-02 23:12:51,424 - Start
2024-08-02 23:12:51,425 - Stated loader thread
2024-08-02 23:12:51,457 - Took 0.0316159725189209 seconds to load map: ./assets/maps/base/
2024-08-02 23:12:51,459 - Loading entriciboi...
2024-08-02 23:12:51,462 - assets/characters/entriciboi/sprite_sheet.png
2024-08-02 23:12:51,467 - Creates class player
2024-08-02 23:12:51,468 - Added: <player.Player object at 0x000001840FBB3620>
2024-08-02 23:12:51,469 - Added: <player.Player object at 0x000001840FBB3620>
2024-08-02 23:12:51,470 - Added: <player.Player object at 0x000001840FBB3620>
2024-08-02 23:12:51,471 - End loading
2024-08-02 23:13:25,879 - Screen multiplier: 0.75: 1080, 1440
2024-08-02 23:13:25,881 - data retreived: {'in_server_id': 5}
2024-08-02 23:13:25,882 - Socket Connection created successfully
2024-08-02 23:13:25,882 - Initialised config 0'th time
2024-08-02 23:13:25,905 - (1080.0, 810.0)
2024-08-02 23:13:25,907 - Start
2024-08-02 23:13:25,907 - Stated loader thread
2024-08-02 23:13:25,936 - Took 0.029027223587036133 seconds to load map: ./assets/maps/base/
2024-08-02 23:13:25,937 - Loading entriciboi...
2024-08-02 23:13:25,938 - assets/characters/entriciboi/sprite_sheet.png
2024-08-02 23:13:25,944 - Creates class player
2024-08-02 23:13:25,944 - Added: <player.Player object at 0x000001CB574878F0>
2024-08-02 23:13:25,944 - Added: <player.Player object at 0x000001CB574878F0>
2024-08-02 23:13:25,944 - Added: <player.Player object at 0x000001CB574878F0>
2024-08-02 23:13:25,953 - End loading
2024-08-02 23:14:24,280 - Screen multiplier: 0.75: 1080, 1440
2024-08-02 23:14:24,282 - data retreived: {'in_server_id': 6}
2024-08-02 23:14:24,282 - Socket Connection created successfully
2024-08-02 23:14:24,282 - Initialised config 0'th time
2024-08-02 23:14:24,303 - (1080.0, 810.0)
2024-08-02 23:14:24,306 - Start
2024-08-02 23:14:24,307 - Stated loader thread
2024-08-02 23:14:24,338 - Took 0.032457590103149414 seconds to load map: ./assets/maps/base/
2024-08-02 23:14:24,341 - Loading entriciboi...
2024-08-02 23:14:24,344 - Creates class player
2024-08-02 23:14:24,345 - Added: <player.Player object at 0x000001AE9E517920>
2024-08-02 23:14:24,346 - Added: <player.Player object at 0x000001AE9E517920>
2024-08-02 23:14:24,346 - Added: <player.Player object at 0x000001AE9E517920>
2024-08-02 23:14:24,357 - End loading
2024-08-02 23:15:54,181 - Screen multiplier: 0.75: 1080, 1440
2024-08-02 23:15:54,183 - data retreived: {'in_server_id': 7}
2024-08-02 23:15:54,184 - Socket Connection created successfully
2024-08-02 23:15:54,184 - Initialised config 0'th time
2024-08-02 23:15:54,205 - (1080.0, 810.0)
2024-08-02 23:15:54,207 - Start
2024-08-02 23:15:54,209 - Stated loader thread
2024-08-02 23:15:54,235 - Took 0.026294231414794922 seconds to load map: ./assets/maps/base/
2024-08-02 23:15:54,237 - Loading entriciboi...
2024-08-02 23:15:54,240 - Creates class player
2024-08-02 23:15:54,241 - Added: <player.Player object at 0x000001A30BA87710>
2024-08-02 23:15:54,241 - Added: <player.Player object at 0x000001A30BA87710>
2024-08-02 23:15:54,241 - Added: <player.Player object at 0x000001A30BA87710>
2024-08-02 23:15:54,262 - End loading
2024-08-02 23:17:18,119 - Screen multiplier: 0.75: 1080, 1440
2024-08-02 23:17:18,121 - data retreived: {'in_server_id': 8}
2024-08-02 23:17:18,122 - Socket Connection created successfully
2024-08-02 23:17:18,122 - Initialised config 0'th time
2024-08-02 23:17:18,141 - (1080.0, 810.0)
2024-08-02 23:17:18,142 - Start
2024-08-02 23:17:18,143 - Stated loader thread
2024-08-02 23:17:18,172 - Took 0.02758312225341797 seconds to load map: ./assets/maps/base/
2024-08-02 23:17:18,172 - Loading entriciboi...
2024-08-02 23:17:18,176 - Creates class player
2024-08-02 23:17:18,177 - Added: <player.Player object at 0x000001DC398D77D0>
2024-08-02 23:17:18,177 - Added: <player.Player object at 0x000001DC398D77D0>
2024-08-02 23:17:18,177 - Added: <player.Player object at 0x000001DC398D77D0>
2024-08-02 23:17:18,183 - End loading
2024-08-02 23:17:59,334 - Screen multiplier: 0.75: 1080, 1440
2024-08-02 23:17:59,336 - data retreived: {'in_server_id': 9}
2024-08-02 23:17:59,336 - Socket Connection created successfully
2024-08-02 23:17:59,337 - Initialised config 0'th time
2024-08-02 23:17:59,358 - (1080.0, 810.0)
2024-08-02 23:17:59,361 - Start
2024-08-02 23:17:59,362 - Stated loader thread
2024-08-02 23:17:59,411 - Took 0.04930543899536133 seconds to load map: ./assets/maps/base/
2024-08-02 23:17:59,412 - Loading entriciboi...
2024-08-02 23:17:59,417 - Creates class player
2024-08-02 23:17:59,417 - Added: <player.Player object at 0x00000206020D7800>
2024-08-02 23:17:59,417 - Added: <player.Player object at 0x00000206020D7800>
2024-08-02 23:17:59,417 - Added: <player.Player object at 0x00000206020D7800>
2024-08-02 23:17:59,429 - End loading
